<?xml version="1.0" encoding="UTF-8"?>
<!-- Generated by org.testng.reporters.JUnitReportReporter -->
<testsuite hostname="DESKTOP-VPTAQP0" name="TestSuite_ToolsSubLinks" tests="8" failures="0" timestamp="3 Jul 2020 11:06:57 GMT" time="62.920" errors="0">
  <testcase name="testCase03" time="8.588" classname="TestSuite_ToolsSubLinks"/>
  <testcase name="testCase05" time="7.409" classname="TestSuite_ToolsSubLinks"/>
  <testcase name="testCase06" time="7.609" classname="TestSuite_ToolsSubLinks"/>
  <testcase name="testCase01" time="7.499" classname="TestSuite_ToolsSubLinks"/>
  <testcase name="testCase04" time="7.618" classname="TestSuite_ToolsSubLinks"/>
  <testcase name="testCase08" time="8.058" classname="TestSuite_ToolsSubLinks"/>
  <testcase name="testCase07" time="8.055" classname="TestSuite_ToolsSubLinks"/>
  <testcase name="testCase02" time="8.084" classname="TestSuite_ToolsSubLinks"/>
</testsuite> <!-- TestSuite_ToolsSubLinks -->
