<?xml version="1.0" encoding="UTF-8"?>
<!-- Generated by org.testng.reporters.JUnitReportReporter -->
<testsuite hostname="DESKTOP-VPTAQP0" name="TS_01" tests="2" failures="0" timestamp="25 Jun 2020 04:28:53 GMT" time="0.020" errors="0">
  <testcase name="loginFunctionality" time="0.018" classname="TS_01"/>
  <testcase name="loginErrorMessage" time="0.002" classname="TS_01"/>
</testsuite> <!-- TS_01 -->
