<?xml version="1.0" encoding="UTF-8"?>
<!-- Generated by org.testng.reporters.JUnitReportReporter -->
<testsuite hostname="DESKTOP-VPTAQP0" name="TestSuite_RecruitersSubLinks" tests="3" failures="0" timestamp="3 Jul 2020 09:59:46 GMT" time="23.558" errors="0">
  <testcase name="testCase01" time="7.900" classname="TestSuite_RecruitersSubLinks"/>
  <testcase name="testCase02" time="7.666" classname="TestSuite_RecruitersSubLinks"/>
  <testcase name="testCase03" time="7.992" classname="TestSuite_RecruitersSubLinks"/>
</testsuite> <!-- TestSuite_RecruitersSubLinks -->
