<?xml version="1.0" encoding="UTF-8"?>
<!-- Generated by org.testng.reporters.JUnitReportReporter -->
<testsuite hostname="DESKTOP-VPTAQP0" name="TestSuite_CompaniesSubLinks" tests="6" failures="0" timestamp="3 Jul 2020 10:13:55 GMT" time="47.507" errors="0">
  <testcase name="testCase01" time="7.843" classname="TestSuite_CompaniesSubLinks"/>
  <testcase name="testCase02" time="7.727" classname="TestSuite_CompaniesSubLinks"/>
  <testcase name="testCase03" time="7.833" classname="TestSuite_CompaniesSubLinks"/>
  <testcase name="testCase06" time="7.643" classname="TestSuite_CompaniesSubLinks"/>
  <testcase name="testCase04" time="7.811" classname="TestSuite_CompaniesSubLinks"/>
  <testcase name="testCase05" time="8.650" classname="TestSuite_CompaniesSubLinks"/>
</testsuite> <!-- TestSuite_CompaniesSubLinks -->
