<?xml version="1.0" encoding="UTF-8"?>
<!-- Generated by org.testng.reporters.JUnitReportReporter -->
<testsuite hostname="DESKTOP-VPTAQP0" name="TestSuite_ServicesSubLinks" tests="5" failures="0" timestamp="3 Jul 2020 11:13:08 GMT" time="39.330" errors="0">
  <testcase name="testCase01" time="7.505" classname="TestSuite_ServicesSubLinks"/>
  <testcase name="testCase02" time="7.827" classname="TestSuite_ServicesSubLinks"/>
  <testcase name="testCase03" time="7.768" classname="TestSuite_ServicesSubLinks"/>
  <testcase name="testCase04" time="7.905" classname="TestSuite_ServicesSubLinks"/>
  <testcase name="testCase05" time="8.325" classname="TestSuite_ServicesSubLinks"/>
</testsuite> <!-- TestSuite_ServicesSubLinks -->
