<?xml version="1.0" encoding="UTF-8"?>
<!-- Generated by org.testng.reporters.JUnitReportReporter -->
<testsuite hostname="DESKTOP-VPTAQP0" name="TS_02" tests="2" failures="0" timestamp="25 Jun 2020 04:41:33 GMT" time="0.012" errors="0">
  <testcase name="login" time="0.004" classname="TS_02"/>
  <testcase name="loginFunctionality" time="0.008" classname="TS_02"/>
</testsuite> <!-- TS_02 -->
