<?xml version="1.0" encoding="UTF-8"?>
<!-- Generated by org.testng.reporters.JUnitReportReporter -->
<testsuite hostname="DESKTOP-VPTAQP0" name="TestSuite01" tests="3" failures="0" timestamp="26 Jun 2020 09:04:46 GMT" time="47.863" errors="0">
  <testcase name="testCase05" time="20.236" classname="TestSuite01"/>
  <testcase name="testCase04" time="17.755" classname="TestSuite01"/>
  <testcase name="testCase06" time="9.872" classname="TestSuite01"/>
</testsuite> <!-- TestSuite01 -->
