<?xml version="1.0" encoding="UTF-8"?>
<!-- Generated by org.testng.reporters.JUnitReportReporter -->
<testsuite hostname="DESKTOP-VPTAQP0" name="TestSuite_JobSubLinks" tests="7" failures="0" timestamp="2 Jul 2020 15:16:05 GMT" time="55.309" errors="0">
  <testcase name="testCase07" time="8.525" classname="TestSuite_JobSubLinks"/>
  <testcase name="testCase01" time="7.857" classname="TestSuite_JobSubLinks"/>
  <testcase name="testCase02" time="7.746" classname="TestSuite_JobSubLinks"/>
  <testcase name="testCase03" time="7.853" classname="TestSuite_JobSubLinks"/>
  <testcase name="testCase06" time="7.701" classname="TestSuite_JobSubLinks"/>
  <testcase name="testCase04" time="7.510" classname="TestSuite_JobSubLinks"/>
  <testcase name="testCase05" time="8.117" classname="TestSuite_JobSubLinks"/>
</testsuite> <!-- TestSuite_JobSubLinks -->
