<?xml version="1.0" encoding="UTF-8"?>
<!-- Generated by org.testng.reporters.JUnitReportReporter -->
<testsuite hostname="DESKTOP-VPTAQP0" name="TestSuite01" tests="6" failures="0" timestamp="1 Jul 2020 16:53:05 GMT" time="88.727" errors="0">
  <testcase name="testCase06" time="9.384" classname="TestSuite01"/>
  <testcase name="testCase05" time="16.856" classname="TestSuite01"/>
  <testcase name="testCase01" time="19.904" classname="TestSuite01"/>
  <testcase name="testCase03" time="12.883" classname="TestSuite01"/>
  <testcase name="testCase02" time="12.665" classname="TestSuite01"/>
  <testcase name="testCase04" time="17.035" classname="TestSuite01"/>
</testsuite> <!-- TestSuite01 -->
