<?xml version="1.0" encoding="UTF-8"?>
<!-- Generated by org.testng.reporters.JUnitReportReporter -->
<testsuite hostname="DESKTOP-VPTAQP0" name="TS_01" tests="3" failures="0" timestamp="26 Jun 2020 04:33:27 GMT" time="36.885" errors="0">
  <testcase name="testCase01" time="9.381" classname="TS_01"/>
  <testcase name="testCase03" time="11.837" classname="TS_01"/>
  <testcase name="testCase02" time="15.667" classname="TS_01"/>
</testsuite> <!-- TS_01 -->
