<?xml version="1.0" encoding="UTF-8"?>
<!-- Generated by org.testng.reporters.JUnitReportReporter -->
<testsuite hostname="DESKTOP-VPTAQP0" name="TestSuite01" tests="6" failures="0" timestamp="27 Jun 2020 11:40:22 GMT" time="78.294" errors="0">
  <testcase name="testCase03" time="12.121" classname="TestSuite01"/>
  <testcase name="testCase02" time="11.885" classname="TestSuite01"/>
  <testcase name="testCase06" time="9.012" classname="TestSuite01"/>
  <testcase name="testCase01" time="12.623" classname="TestSuite01"/>
  <testcase name="testCase04" time="16.699" classname="TestSuite01"/>
  <testcase name="testCase05" time="15.954" classname="TestSuite01"/>
</testsuite> <!-- TestSuite01 -->
